TN:
SF:handlers/subscribe.ts
FN:16,subscribeCommandHandler
FN:29,isAlreadySubscribed
FNF:2
FNH:2
FNDA:2,subscribeCommandHandler
FNDA:2,isAlreadySubscribed
DA:1,1
DA:2,1
DA:3,1
DA:4,1
DA:5,1
DA:6,1
DA:7,1
DA:8,1
DA:9,1
DA:10,1
DA:11,1
DA:12,1
DA:13,1
DA:14,1
DA:15,1
DA:16,1
DA:17,2
DA:18,2
DA:19,2
DA:20,1
DA:21,1
DA:22,1
DA:23,1
DA:24,1
DA:25,1
DA:26,1
DA:27,2
DA:28,1
DA:29,2
DA:30,2
DA:31,2
LF:31
LH:31
BRDA:16,0,0,2
BRDA:16,1,0,2
BRDA:17,2,0,2
BRDA:19,3,0,1
BRDA:29,4,0,2
BRDA:30,5,0,1
BRF:6
BRH:6
end_of_record
