TN:
SF:data/connexion/data-source.ts
FN:19,makeConfig
FNF:1
FNH:1
FNDA:1,makeConfig
DA:1,1
DA:2,1
DA:3,1
DA:4,1
DA:5,1
DA:6,1
DA:7,1
DA:8,1
DA:9,1
DA:10,1
DA:11,1
DA:12,1
DA:13,1
DA:14,1
DA:15,1
DA:16,1
DA:17,1
DA:18,1
DA:19,1
DA:20,1
DA:21,1
DA:22,1
DA:23,1
DA:24,1
DA:25,1
DA:26,1
DA:27,1
DA:28,1
DA:29,0
DA:30,0
DA:31,0
DA:32,0
DA:33,0
DA:34,0
DA:35,0
DA:36,0
LF:36
LH:28
BRDA:19,0,0,1
BRDA:29,1,0,0
BRF:2
BRH:1
end_of_record
TN:
SF:data/entities/subscriber.ts
FN:5,Subscriber
FNF:1
FNH:1
FNDA:11,Subscriber
DA:1,1
DA:2,1
DA:3,1
DA:4,1
DA:5,11
DA:6,11
DA:7,11
DA:8,11
DA:9,11
DA:10,11
DA:11,11
DA:12,11
DA:13,11
DA:14,11
LF:14
LH:14
BRDA:5,0,0,1
BRDA:5,1,0,11
BRF:2
BRH:2
end_of_record
TN:
SF:gateways/subscriber.ts
FN:5,subscriberGatewayFactory
FN:8,save
FN:14,getAll
FNF:3
FNH:3
FNDA:4,subscriberGatewayFactory
FNDA:1,save
FNDA:2,getAll
DA:1,1
DA:2,1
DA:3,1
DA:4,1
DA:5,1
DA:6,4
DA:7,4
DA:8,4
DA:9,1
DA:10,1
DA:11,1
DA:12,1
DA:13,1
DA:14,4
DA:15,2
DA:16,2
DA:17,4
DA:18,4
LF:18
LH:18
BRDA:5,0,0,4
BRDA:8,1,0,1
BRDA:14,2,0,2
BRDA:14,3,0,2
BRF:4
BRH:4
end_of_record
TN:
SF:handlers/subscribe.ts
FN:21,subscribeCommandHandler
FN:37,makeOkResponse
FN:41,makeKoResponseWith
FN:45,isFirstnameMissing
FN:49,isEmailMissing
FN:53,isAlreadySubscribed
FNF:6
FNH:6
FNDA:4,subscribeCommandHandler
FNDA:1,makeOkResponse
FNDA:3,makeKoResponseWith
FNDA:4,isFirstnameMissing
FNDA:3,isEmailMissing
FNDA:2,isAlreadySubscribed
DA:1,1
DA:2,1
DA:3,1
DA:4,1
DA:5,1
DA:6,1
DA:7,1
DA:8,1
DA:9,1
DA:10,1
DA:11,1
DA:12,1
DA:13,1
DA:14,1
DA:15,1
DA:16,1
DA:17,1
DA:18,1
DA:19,1
DA:20,1
DA:21,1
DA:22,4
DA:23,3
DA:24,4
DA:25,2
DA:26,2
DA:27,4
DA:28,1
DA:29,1
DA:30,1
DA:31,1
DA:32,1
DA:33,4
DA:34,4
DA:35,4
DA:36,1
DA:37,1
DA:38,1
DA:39,1
DA:40,1
DA:41,3
DA:42,3
DA:43,3
DA:44,1
DA:45,4
DA:46,4
DA:47,4
DA:48,1
DA:49,3
DA:50,3
DA:51,3
DA:52,1
DA:53,2
DA:54,2
DA:55,2
LF:55
LH:55
BRDA:21,0,0,4
BRDA:21,1,0,4
BRDA:22,2,0,1
BRDA:23,3,0,3
BRDA:24,4,0,1
BRDA:25,5,0,2
BRDA:27,6,0,1
BRDA:37,7,0,1
BRDA:41,8,0,3
BRDA:45,9,0,4
BRDA:49,10,0,3
BRDA:53,11,0,2
BRDA:54,12,0,1
BRF:13
BRH:13
end_of_record
TN:
SF:pages/api/subscribe.ts
FN:6,subscribeEndPoint
FNF:1
FNH:1
FNDA:4,subscribeEndPoint
DA:1,1
DA:2,1
DA:3,1
DA:4,1
DA:5,1
DA:6,1
DA:7,4
DA:8,4
DA:9,4
DA:10,4
DA:11,4
DA:12,4
DA:13,4
DA:14,4
DA:15,4
DA:16,4
DA:17,4
DA:18,4
DA:19,4
DA:20,1
DA:21,1
LF:21
LH:21
BRDA:6,0,0,4
BRDA:6,1,0,4
BRDA:17,2,0,4
BRF:3
BRH:3
end_of_record
TN:
SF:tests/helpers/api/test-client.ts
FN:6,testClientHelper
FN:7,serverRequestListener
FNF:2
FNH:2
FNDA:4,testClientHelper
FNDA:4,serverRequestListener
DA:1,1
DA:2,1
DA:3,1
DA:4,1
DA:5,1
DA:6,1
DA:7,4
DA:8,4
DA:9,4
DA:10,4
DA:11,4
DA:12,4
DA:13,4
DA:14,4
DA:15,4
DA:16,4
DA:17,4
LF:17
LH:17
BRDA:6,0,0,4
BRDA:7,1,0,4
BRDA:7,2,0,4
BRF:3
BRH:3
end_of_record
TN:
SF:tests/helpers/persistence/subscriber.ts
FN:5,cleanSubscribersInDB
FN:12,initSubscribersInDBWith
FNF:2
FNH:2
FNDA:4,cleanSubscribersInDB
FNDA:1,initSubscribersInDBWith
DA:1,1
DA:2,1
DA:3,1
DA:4,1
DA:5,1
DA:6,4
DA:7,4
DA:8,4
DA:9,4
DA:10,4
DA:11,1
DA:12,1
DA:13,1
DA:14,1
DA:15,1
DA:16,1
DA:17,1
LF:17
LH:17
BRDA:5,0,0,4
BRDA:5,1,0,4
BRDA:6,2,0,4
BRDA:12,3,0,1
BRDA:12,4,0,1
BRDA:13,5,0,1
BRF:6
BRH:6
end_of_record
